TN:
SF:config\database.js
FNF:0
FNH:0
DA:1,3
DA:3,3
DA:5,3
LF:3
LH:3
BRDA:10,0,0,3
BRDA:10,0,1,0
BRDA:12,1,0,3
BRDA:12,1,1,0
BRDA:18,2,0,3
BRDA:18,2,1,0
BRDA:20,3,0,3
BRDA:20,3,1,0
BRDA:26,4,0,3
BRDA:26,4,1,0
BRDA:28,5,0,3
BRDA:28,5,1,0
BRF:12
BRH:6
end_of_record
TN:
SF:controllers\adminController.js
FN:4,(anonymous_0)
FN:8,(anonymous_1)
FN:43,(anonymous_2)
FNF:3
FNH:3
FNDA:1,(anonymous_0)
FNDA:2,(anonymous_1)
FNDA:2,(anonymous_2)
DA:1,1
DA:2,1
DA:4,1
DA:5,1
DA:8,1
DA:9,2
DA:10,2
DA:12,2
DA:14,2
DA:16,2
DA:17,2
DA:20,2
DA:27,1
DA:34,1
DA:36,1
DA:43,1
DA:44,2
DA:45,2
DA:47,1
DA:51,1
DA:58,1
LF:21
LH:21
BRF:0
BRH:0
end_of_record
TN:
SF:controllers\authController.js
FN:6,(anonymous_0)
FN:64,(anonymous_1)
FN:103,(anonymous_2)
FNF:3
FNH:3
FNDA:2,(anonymous_0)
FNDA:2,(anonymous_1)
FNDA:1,(anonymous_2)
DA:1,1
DA:2,1
DA:3,1
DA:4,1
DA:6,1
DA:7,2
DA:8,2
DA:9,2
DA:11,2
DA:17,2
DA:18,1
DA:21,1
DA:22,1
DA:23,0
DA:26,1
DA:27,1
DA:30,1
DA:31,0
DA:32,0
DA:33,0
DA:35,0
DA:40,0
DA:46,0
DA:52,0
DA:60,1
DA:64,1
DA:65,2
DA:66,2
DA:68,2
DA:75,2
DA:76,1
DA:90,1
DA:96,1
DA:99,0
DA:103,1
DA:104,1
DA:105,1
DA:112,0
DA:116,1
LF:39
LH:29
BRDA:17,0,0,1
BRDA:17,0,1,1
BRDA:22,1,0,0
BRDA:22,1,1,1
BRDA:30,2,0,0
BRDA:30,2,1,0
BRDA:30,3,0,1
BRDA:30,3,1,0
BRDA:32,4,0,0
BRDA:32,4,1,0
BRDA:75,5,0,1
BRDA:75,5,1,1
BRDA:75,6,0,2
BRDA:75,6,1,1
BRF:14
BRH:8
end_of_record
TN:
SF:controllers\productController.js
FN:6,(anonymous_0)
FN:14,(anonymous_1)
FN:62,(anonymous_2)
FN:129,(anonymous_3)
FN:158,(anonymous_4)
FN:166,(anonymous_5)
FN:219,(anonymous_6)
FNF:7
FNH:6
FNDA:2,(anonymous_0)
FNDA:1,(anonymous_1)
FNDA:1,(anonymous_2)
FNDA:2,(anonymous_3)
FNDA:1,(anonymous_4)
FNDA:0,(anonymous_5)
FNDA:2,(anonymous_6)
DA:1,1
DA:2,1
DA:3,1
DA:4,1
DA:6,1
DA:7,2
DA:8,2
DA:9,2
DA:11,2
DA:12,2
DA:13,2
DA:15,1
DA:16,1
DA:18,1
DA:22,1
DA:28,2
DA:29,2
DA:30,1
DA:37,1
DA:39,0
DA:42,1
DA:51,1
DA:58,0
DA:62,1
DA:63,1
DA:64,1
DA:65,1
DA:66,1
DA:68,1
DA:69,1
DA:71,1
DA:72,1
DA:74,1
DA:75,1
DA:76,1
DA:78,1
DA:80,1
DA:81,0
DA:83,1
DA:89,1
DA:91,1
DA:110,1
DA:112,1
DA:125,0
DA:129,1
DA:130,2
DA:131,2
DA:137,2
DA:138,1
DA:143,1
DA:144,0
DA:147,1
DA:154,0
DA:158,1
DA:159,1
DA:160,1
DA:161,1
DA:163,1
DA:164,1
DA:165,1
DA:167,0
DA:168,0
DA:170,0
DA:174,0
DA:180,1
DA:181,1
DA:182,1
DA:189,0
DA:191,0
DA:194,0
DA:210,0
DA:215,0
DA:219,1
DA:220,2
DA:222,2
DA:223,2
DA:229,2
DA:234,0
DA:238,1
LF:79
LH:63
BRDA:12,0,0,2
BRDA:12,0,1,0
BRDA:28,1,0,2
BRDA:28,1,1,0
BRDA:29,2,0,1
BRDA:29,2,1,1
BRDA:66,3,0,0
BRDA:66,3,1,1
BRDA:69,4,0,0
BRDA:69,4,1,1
BRDA:72,5,0,0
BRDA:72,5,1,1
BRDA:74,6,0,1
BRDA:74,6,1,0
BRDA:75,7,0,1
BRDA:75,7,1,0
BRDA:80,8,0,0
BRDA:80,8,1,1
BRDA:137,9,0,1
BRDA:137,9,1,1
BRDA:143,10,0,0
BRDA:143,10,1,1
BRDA:164,11,0,1
BRDA:164,11,1,0
BRDA:180,12,0,1
BRDA:180,12,1,0
BRDA:181,13,0,1
BRDA:181,13,1,0
BRF:28
BRH:16
end_of_record
TN:
SF:lib\imagekit.js
FNF:0
FNH:0
DA:2,2
DA:4,2
DA:10,2
LF:3
LH:3
BRF:0
BRH:0
end_of_record
TN:
SF:models\auth.js
FN:3,(anonymous_0)
FN:10,(anonymous_1)
FNF:2
FNH:2
FNDA:3,(anonymous_0)
FNDA:3,(anonymous_1)
DA:2,3
DA:3,3
DA:12,3
DA:20,3
DA:39,3
LF:5
LH:5
BRF:0
BRH:0
end_of_record
TN:
SF:models\index.js
FN:25,(anonymous_0)
FN:33,(anonymous_1)
FN:41,(anonymous_2)
FNF:3
FNH:3
FNDA:15,(anonymous_0)
FNDA:12,(anonymous_1)
FNDA:12,(anonymous_2)
DA:3,3
DA:4,3
DA:5,3
DA:6,3
DA:7,3
DA:8,3
DA:9,3
DA:10,3
DA:13,3
DA:14,0
DA:16,3
DA:24,3
DA:26,15
DA:34,12
DA:38,12
DA:41,3
DA:42,12
DA:43,12
DA:47,3
DA:48,3
DA:50,3
LF:21
LH:20
BRDA:8,0,0,3
BRDA:8,0,1,0
BRDA:13,1,0,0
BRDA:13,1,1,3
BRDA:27,2,0,15
BRDA:27,2,1,15
BRDA:27,2,2,12
BRDA:27,2,3,12
BRDA:42,3,0,12
BRDA:42,3,1,0
BRF:10
BRH:7
end_of_record
TN:
SF:models\product.js
FN:3,(anonymous_0)
FN:10,(anonymous_1)
FNF:2
FNH:2
FNDA:3,(anonymous_0)
FNDA:3,(anonymous_1)
DA:2,3
DA:3,3
DA:12,3
DA:18,3
DA:25,3
DA:43,3
LF:6
LH:6
BRF:0
BRH:0
end_of_record
TN:
SF:models\shop.js
FN:4,(anonymous_0)
FN:11,(anonymous_1)
FNF:2
FNH:2
FNDA:3,(anonymous_0)
FNDA:3,(anonymous_1)
DA:2,3
DA:4,3
DA:13,3
DA:19,3
DA:26,3
DA:44,3
LF:6
LH:6
BRF:0
BRH:0
end_of_record
TN:
SF:models\user.js
FN:3,(anonymous_0)
FN:10,(anonymous_1)
FNF:2
FNH:2
FNDA:3,(anonymous_0)
FNDA:3,(anonymous_1)
DA:2,3
DA:3,3
DA:12,3
DA:18,3
DA:24,3
DA:31,3
DA:52,3
LF:7
LH:7
BRF:0
BRH:0
end_of_record
TN:
SF:utils\apiError.js
FN:2,(anonymous_0)
FNF:1
FNH:1
FNDA:6,(anonymous_0)
DA:3,6
DA:5,6
DA:6,6
DA:8,6
DA:12,2
LF:5
LH:5
BRDA:6,0,0,5
BRDA:6,0,1,1
BRF:2
BRH:2
end_of_record
